<?xml version="1.0" encoding="UTF-8"?>
<!-- Generated by org.testng.reporters.JUnitReportReporter -->
<testsuite hostname="Hassans-MacBook-Pro.local" failures="0" tests="1" name="TestRunner" time="4.120" errors="0" timestamp="2022-02-06T12:12:23 EST" skipped="0">
  <testcase classname="TestRunner" name="runScenario" time="4.120"/>
  <system-out/>
</testsuite> <!-- TestRunner -->
